2020-01-26 17:14:17.9148 [DEBUG] Validating model...
2020-01-26 17:14:18.1711 [DEBUG] Model validated
2020-01-26 17:14:18.1711 [DEBUG] Authenticating with server...
2020-01-26 17:14:18.7668 [DEBUG] Connected to room. (118103:SceneFusion:SceneFusion)
2020-01-26 17:14:18.7748 [INFO] Connected to server.
2020-01-26 17:14:18.7758 [DEBUG] OS : Microsoft Windows NT 10.0.18362.0
2020-01-26 17:14:18.7758 [DEBUG] Unity Version : 2019.2.19f1
2020-01-26 17:14:18.7758 [DEBUG] Pro License : False
2020-01-26 17:14:18.7758 [DEBUG] Platform : WindowsEditor
2020-01-26 17:14:18.7768 [DEBUG] Build Target : StandaloneWindows64
2020-01-26 17:14:18.7768 [DEBUG] Scene Fusion version : 1.8.6
2020-01-26 17:14:18.7768 [DEBUG] Scene Fusion client build : 0
2020-01-26 17:14:18.7768 [DEBUG] User : Sammo351@gmail.com
2020-01-26 17:14:18.7768 [DEBUG] Waiting for server response
2020-01-26 17:14:18.8687 [DEBUG] Tier: Scene Fusion Free, Permissions: 00000200
2020-01-26 17:14:18.8687 [DEBUG] User Permissions: FFFFFFFF
2020-01-26 17:14:19.1412 [DEBUG] No stand-in for UnityEngine.LocalizationAsset
2020-01-26 17:14:19.1412 [DEBUG] No stand-in for UnityEngine.ProceduralMaterial
2020-01-26 17:14:19.1412 [DEBUG] No stand-in for UnityEngine.ProceduralTexture
2020-01-26 17:14:19.1412 [DEBUG] No stand-in for UnityEngine.TerrainLayer
2020-01-26 17:14:19.1412 [DEBUG] No stand-in for UnityEngine.Experimental.VFX.VisualEffectAsset
2020-01-26 17:14:21.2564 [DEBUG] Uploading scene 'Untitled'
2020-01-26 17:14:21.3112 [DEBUG] Spawn request. (Objects: 2)
2020-01-26 17:14:21.6482 [DEBUG] Loading complete
2020-01-26 17:14:25.9634 [DEBUG] Disconnecting from room (118103:SceneFusion:SceneFusion)
2020-01-26 17:14:25.9684 [INFO] Disconnected from server.
2020-01-26 17:14:25.9684 [DEBUG] Disconnect. (Duration: 7)
