2020-01-26 17:15:52.4676 [DEBUG] Validating model...
2020-01-26 17:15:52.7120 [DEBUG] Model validated
2020-01-26 17:15:52.7120 [DEBUG] Authenticating with server...
2020-01-26 17:15:53.3264 [DEBUG] Connected to room. (118104:SceneFusion:SceneFusion)
2020-01-26 17:15:53.3334 [INFO] Connected to server.
2020-01-26 17:15:53.3344 [DEBUG] OS : Microsoft Windows NT 10.0.18362.0
2020-01-26 17:15:53.3344 [DEBUG] Unity Version : 2019.2.19f1
2020-01-26 17:15:53.3344 [DEBUG] Pro License : False
2020-01-26 17:15:53.3344 [DEBUG] Platform : WindowsEditor
2020-01-26 17:15:53.3344 [DEBUG] Build Target : StandaloneWindows64
2020-01-26 17:15:53.3344 [DEBUG] Scene Fusion version : 1.8.6
2020-01-26 17:15:53.3344 [DEBUG] Scene Fusion client build : 0
2020-01-26 17:15:53.3344 [DEBUG] User : Sammo351@gmail.com
2020-01-26 17:15:53.3344 [DEBUG] Waiting for server response
2020-01-26 17:15:53.4241 [DEBUG] Tier: Scene Fusion Free, Permissions: 00000200
2020-01-26 17:15:53.4241 [DEBUG] User Permissions: FFFFFFFF
2020-01-26 17:15:53.4251 [DEBUG] No stand-in for UnityEngine.LocalizationAsset
2020-01-26 17:15:53.4251 [DEBUG] No stand-in for UnityEngine.ProceduralMaterial
2020-01-26 17:15:53.4251 [DEBUG] No stand-in for UnityEngine.ProceduralTexture
2020-01-26 17:15:53.4251 [DEBUG] No stand-in for UnityEngine.TerrainLayer
2020-01-26 17:15:53.4251 [DEBUG] No stand-in for UnityEngine.Experimental.VFX.VisualEffectAsset
2020-01-26 17:15:53.7234 [DEBUG] Uploading scene 'Scene Houses'
2020-01-26 17:15:53.7234 [DEBUG] Uploading scene 'Untitled'
2020-01-26 17:15:53.8606 [DEBUG] Encoding objects for SurrounDead/Demo Scenes/Scene Houses.unity
2020-01-26 17:15:54.9431 [DEBUG] Compressing scene data
2020-01-26 17:15:55.9659 [DEBUG] Spawn request. (Objects: 1042)
2020-01-26 17:15:55.9679 [DEBUG] Entity RPC. (Id: 1, Size: 23615, Reporting Threshold: 10000)
2020-01-26 17:15:55.9899 [DEBUG] Spawn request. (Objects: 2)
2020-01-26 17:15:57.9737 [DEBUG] Loading complete
2020-01-26 17:16:35.9500 [DEBUG] Spawn request. (Objects: 1)
2020-01-26 17:16:40.4125 [DEBUG] Spawn request. (Objects: 1)
2020-01-26 17:16:47.5848 [DEBUG] Spawn request. (Objects: 1)
2020-01-26 17:16:53.4065 [DEBUG] Spawn request. (Objects: 1)
2020-01-26 17:16:59.9560 [DEBUG] Spawn request. (Objects: 1)
2020-01-26 17:17:55.9516 [DEBUG] Spawn request. (Objects: 1)
2020-01-26 17:18:08.6634 [DEBUG] Spawn request. (Objects: 1)
2020-01-26 17:18:13.8577 [DEBUG] Spawn request. (Objects: 1)
2020-01-26 17:18:25.0720 [DEBUG] Spawn request. (Objects: 3)
2020-01-26 17:18:34.8836 [DEBUG] Disconnecting from room (118104:SceneFusion:SceneFusion)
2020-01-26 17:18:34.8856 [INFO] Disconnected from server.
2020-01-26 17:18:34.8856 [DEBUG] Disconnect. (Duration: 161)
