2020-01-26 17:52:07.4729 [DEBUG] Validating model...
2020-01-26 17:52:07.9805 [DEBUG] Model validated
2020-01-26 17:52:07.9805 [DEBUG] Authenticating with server...
2020-01-26 17:52:12.0411 [DEBUG] Connected to room. (118105:SceneFusion:SceneFusion)
2020-01-26 17:52:12.0681 [INFO] Connected to server.
2020-01-26 17:52:12.0691 [DEBUG] OS : Microsoft Windows NT 10.0.18362.0
2020-01-26 17:52:12.0691 [DEBUG] Unity Version : 2019.2.19f1
2020-01-26 17:52:12.0691 [DEBUG] Pro License : False
2020-01-26 17:52:12.0691 [DEBUG] Platform : WindowsEditor
2020-01-26 17:52:12.0691 [DEBUG] Build Target : StandaloneWindows64
2020-01-26 17:52:12.0691 [DEBUG] Scene Fusion version : 1.8.6
2020-01-26 17:52:12.0691 [DEBUG] Scene Fusion client build : 0
2020-01-26 17:52:12.0701 [DEBUG] User : Sammo351@gmail.com
2020-01-26 17:52:12.0701 [DEBUG] Waiting for server response
2020-01-26 17:52:12.1269 [DEBUG] Tier: Scene Fusion Free, Permissions: 00000200
2020-01-26 17:52:12.1269 [DEBUG] User Permissions: FFFFFFFF
2020-01-26 17:52:12.2107 [DEBUG] No stand-in for UnityEngine.LocalizationAsset
2020-01-26 17:52:12.2117 [DEBUG] No stand-in for UnityEngine.ProceduralMaterial
2020-01-26 17:52:12.2117 [DEBUG] No stand-in for UnityEngine.ProceduralTexture
2020-01-26 17:52:12.2117 [DEBUG] No stand-in for UnityEngine.TerrainLayer
2020-01-26 17:52:12.2117 [DEBUG] No stand-in for UnityEngine.Experimental.VFX.VisualEffectAsset
2020-01-26 17:52:12.7077 [DEBUG] Uploading scene 'Untitled'
2020-01-26 17:52:12.7696 [WARNING] Cannot sync 'New Aura Base Settings' (AuraBaseSettings) because it is not in Unity's asset database.
2020-01-26 17:52:18.5266 [WARNING] Cannot sync 'Default Aura Quality Settings' (AuraQualitySettings) because it is not in Unity's asset database.
2020-01-26 17:52:18.5899 [WARNING] Cannot sync '_Directional light : Shadow Map Render Texture' (RenderTexture) because it is not in Unity's asset database.
2020-01-26 17:52:18.5909 [WARNING] Cannot sync '_Directional light : Shadow Data Render Texture' (RenderTexture) because it is not in Unity's asset database.
2020-01-26 17:52:18.6769 [DEBUG] Encoding objects for KinematicSoup/SceneFusion/Temp/Untitled.unity
2020-01-26 17:52:19.9523 [DEBUG] Compressing scene data
2020-01-26 17:52:21.0810 [DEBUG] Spawn request. (Objects: 1054)
2020-01-26 17:52:21.0870 [DEBUG] Entity RPC. (Id: 1, Size: 24035, Reporting Threshold: 10000)
2020-01-26 17:52:25.3155 [DEBUG] Loading complete
2020-01-26 17:52:59.1688 [DEBUG] Spawn request. (Objects: 21)
2020-01-26 17:53:06.3225 [DEBUG] Spawn request. (Objects: 1)
2020-01-26 17:54:06.6429 [DEBUG] Spawn request. (Objects: 1)
2020-01-26 17:55:12.6815 [DEBUG] Disconnecting from room (118105:SceneFusion:SceneFusion)
2020-01-26 17:55:12.6835 [INFO] Disconnected from server.
2020-01-26 17:55:12.6835 [DEBUG] Disconnect. (Duration: 169)
